#! /usr/local/bin/vvp
:ivl_version "12.0 (devel)" "(s20150603-1333-gede34141)";
:ivl_delay_selection "TYPICAL";
:vpi_time_precision - 12;
:vpi_module "/usr/local/lib/ivl/system.vpi";
:vpi_module "/usr/local/lib/ivl/vhdl_sys.vpi";
:vpi_module "/usr/local/lib/ivl/vhdl_textio.vpi";
:vpi_module "/usr/local/lib/ivl/v2005_math.vpi";
:vpi_module "/usr/local/lib/ivl/va_math.vpi";
S_0x55fe050577d0 .scope module, "tb" "tb" 2 3;
 .timescale -9 -12;
v0x55fe0509d800_0 .var "clk", 0 0;
v0x55fe0509d8a0_0 .var/i "r", 31 0;
v0x55fe0509d980_0 .var "rst", 0 0;
v0x55fe0509da20_0 .net "x26", 0 0, L_0x55fe0509dd30;  1 drivers
v0x55fe0509dac0_0 .net "x27", 0 0, L_0x55fe0509ddd0;  1 drivers
v0x55fe0509dbd0_0 .net "x3", 0 0, L_0x55fe0509dc90;  1 drivers
E_0x55fe04fe4ce0 .event anyedge, v0x55fe0509da20_0;
v0x55fe0509aee0_3 .array/port v0x55fe0509aee0, 3;
L_0x55fe0509dc90 .part v0x55fe0509aee0_3, 0, 1;
v0x55fe0509aee0_26 .array/port v0x55fe0509aee0, 26;
L_0x55fe0509dd30 .part v0x55fe0509aee0_26, 0, 1;
v0x55fe0509aee0_27 .array/port v0x55fe0509aee0, 27;
L_0x55fe0509ddd0 .part v0x55fe0509aee0_27, 0, 1;
S_0x55fe050592c0 .scope module, "rv_soc_ins" "rv_soc" 2 49, 3 1 0, S_0x55fe050577d0;
 .timescale 0 0;
    .port_info 0 /INPUT 1 "clk";
    .port_info 1 /INPUT 1 "rst";
v0x55fe0509d4e0_0 .net "clk", 0 0, v0x55fe0509d800_0;  1 drivers
v0x55fe0509d5a0_0 .net "rom_inst_o", 31 0, v0x55fe05059fc0_0;  1 drivers
v0x55fe0509d660_0 .net "rst", 0 0, v0x55fe0509d980_0;  1 drivers
v0x55fe0509d700_0 .net "rv_core_inst_addr_o", 31 0, L_0x55fe05068ef0;  1 drivers
S_0x55fe0505c370 .scope module, "rom_ins" "rom" 3 6, 4 1 0, S_0x55fe050592c0;
 .timescale 0 0;
    .port_info 0 /INPUT 32 "inst_addr_i";
    .port_info 1 /OUTPUT 32 "inst_o";
v0x55fe0505acc0_0 .net "inst_addr_i", 31 0, L_0x55fe05068ef0;  alias, 1 drivers
v0x55fe05059fc0_0 .var "inst_o", 31 0;
v0x55fe0506b190 .array "rom_mem", 11 0, 31 0;
v0x55fe0506b190_0 .array/port v0x55fe0506b190, 0;
v0x55fe0506b190_1 .array/port v0x55fe0506b190, 1;
v0x55fe0506b190_2 .array/port v0x55fe0506b190, 2;
E_0x55fe050794b0/0 .event anyedge, v0x55fe0505acc0_0, v0x55fe0506b190_0, v0x55fe0506b190_1, v0x55fe0506b190_2;
v0x55fe0506b190_3 .array/port v0x55fe0506b190, 3;
v0x55fe0506b190_4 .array/port v0x55fe0506b190, 4;
v0x55fe0506b190_5 .array/port v0x55fe0506b190, 5;
v0x55fe0506b190_6 .array/port v0x55fe0506b190, 6;
E_0x55fe050794b0/1 .event anyedge, v0x55fe0506b190_3, v0x55fe0506b190_4, v0x55fe0506b190_5, v0x55fe0506b190_6;
v0x55fe0506b190_7 .array/port v0x55fe0506b190, 7;
v0x55fe0506b190_8 .array/port v0x55fe0506b190, 8;
v0x55fe0506b190_9 .array/port v0x55fe0506b190, 9;
v0x55fe0506b190_10 .array/port v0x55fe0506b190, 10;
E_0x55fe050794b0/2 .event anyedge, v0x55fe0506b190_7, v0x55fe0506b190_8, v0x55fe0506b190_9, v0x55fe0506b190_10;
v0x55fe0506b190_11 .array/port v0x55fe0506b190, 11;
E_0x55fe050794b0/3 .event anyedge, v0x55fe0506b190_11;
E_0x55fe050794b0 .event/or E_0x55fe050794b0/0, E_0x55fe050794b0/1, E_0x55fe050794b0/2, E_0x55fe050794b0/3;
S_0x55fe0508ed40 .scope module, "rv_core_ins" "rv_core" 3 16, 5 1 0, S_0x55fe050592c0;
 .timescale 0 0;
    .port_info 0 /INPUT 1 "clk";
    .port_info 1 /INPUT 1 "rst";
    .port_info 2 /INPUT 32 "inst_i";
    .port_info 3 /OUTPUT 32 "inst_addr_o";
v0x55fe0509b630_0 .net "clk", 0 0, v0x55fe0509d800_0;  alias, 1 drivers
o0x7f334887ad98 .functor BUFZ 1, C4<z>; HiZ drive
v0x55fe0509b6f0_0 .net "ctrl_hold_flag_i", 0 0, o0x7f334887ad98;  0 drivers
v0x55fe0509b7b0_0 .net "ctrl_hold_flag_o", 0 0, v0x55fe05069b60_0;  1 drivers
v0x55fe0509b8b0_0 .net "ctrl_jump_addr_o", 31 0, v0x55fe050684c0_0;  1 drivers
v0x55fe0509b950_0 .net "ctrl_jump_en_o", 0 0, v0x55fe0508f3d0_0;  1 drivers
v0x55fe0509ba90_0 .net "ex_hold_flag_o", 0 0, v0x55fe05090380_0;  1 drivers
v0x55fe0509bb80_0 .net "ex_jump_addr_o", 31 0, v0x55fe050906a0_0;  1 drivers
v0x55fe0509bc70_0 .net "ex_jump_en_o", 0 0, v0x55fe05090760_0;  1 drivers
v0x55fe0509bd60_0 .net "ex_rd_addr_o", 4 0, v0x55fe05090dc0_0;  1 drivers
v0x55fe0509be00_0 .net "ex_rd_data_o", 31 0, v0x55fe05090ea0_0;  1 drivers
v0x55fe0509bf10_0 .net "ex_reg_wen_o", 0 0, v0x55fe05091040_0;  1 drivers
v0x55fe0509c000_0 .net "id_ex_inst_addr_o", 31 0, v0x55fe05092690_0;  1 drivers
v0x55fe0509c0c0_0 .net "id_ex_inst_o", 31 0, v0x55fe05091d40_0;  1 drivers
v0x55fe0509c180_0 .net "id_ex_op1_o", 31 0, v0x55fe05093030_0;  1 drivers
v0x55fe0509c240_0 .net "id_ex_op2_o", 31 0, v0x55fe05093960_0;  1 drivers
v0x55fe0509c300_0 .net "id_ex_rd_addr_o", 4 0, v0x55fe05094c30_0;  1 drivers
v0x55fe0509c3c0_0 .net "id_ex_reg_wen_o", 0 0, v0x55fe050942d0_0;  1 drivers
v0x55fe0509c570_0 .net "id_inst_addr_o", 31 0, v0x55fe05096560_0;  1 drivers
v0x55fe0509c630_0 .net "id_inst_o", 31 0, v0x55fe050967a0_0;  1 drivers
v0x55fe0509c6f0_0 .net "id_op1_o", 31 0, v0x55fe050968b0_0;  1 drivers
v0x55fe0509c7b0_0 .net "id_op2_o", 31 0, v0x55fe050969c0_0;  1 drivers
v0x55fe0509c870_0 .net "id_rd_addr_o", 4 0, v0x55fe05096cd0_0;  1 drivers
v0x55fe0509c930_0 .net "id_reg_wen", 0 0, v0x55fe05096de0_0;  1 drivers
v0x55fe0509c9d0_0 .net "id_rs1_addr_o", 4 0, v0x55fe05096fb0_0;  1 drivers
v0x55fe0509cae0_0 .net "id_rs2_addr_o", 4 0, v0x55fe05097250_0;  1 drivers
v0x55fe0509cbf0_0 .net "if_id_inst_addr_o", 31 0, v0x55fe050988a0_0;  1 drivers
v0x55fe0509ccb0_0 .net "if_id_inst_o", 31 0, v0x55fe05097dd0_0;  1 drivers
v0x55fe0509cd70_0 .net "ifetch_inst_addr_o", 31 0, L_0x55fe050025d0;  1 drivers
v0x55fe0509ce30_0 .net "ifetch_inst_o", 31 0, L_0x55fe05079f80;  1 drivers
v0x55fe0509cef0_0 .net "inst_addr_o", 31 0, L_0x55fe05068ef0;  alias, 1 drivers
v0x55fe0509d000_0 .net "inst_i", 31 0, v0x55fe05059fc0_0;  alias, 1 drivers
v0x55fe0509d0f0_0 .net "pc_reg_pc_o", 31 0, v0x55fe05099fa0_0;  1 drivers
v0x55fe0509d1e0_0 .net "regs_reg1_rdata_o", 31 0, v0x55fe0509aba0_0;  1 drivers
v0x55fe0509d2d0_0 .net "regs_reg2_rdata_o", 31 0, v0x55fe0509ad40_0;  1 drivers
v0x55fe0509d3c0_0 .net "rst", 0 0, v0x55fe0509d980_0;  alias, 1 drivers
S_0x55fe0508ef20 .scope module, "ctrl_ins" "ctrl" 5 152, 6 1 0, S_0x55fe0508ed40;
 .timescale 0 0;
    .port_info 0 /INPUT 1 "rst";
    .port_info 1 /INPUT 32 "jump_addr_i";
    .port_info 2 /INPUT 1 "jump_en_i";
    .port_info 3 /INPUT 1 "hold_flag_i";
    .port_info 4 /OUTPUT 32 "jump_addr_o";
    .port_info 5 /OUTPUT 1 "jump_en_o";
    .port_info 6 /OUTPUT 1 "hold_flag_o";
v0x55fe0506a6b0_0 .net "hold_flag_i", 0 0, v0x55fe05090380_0;  alias, 1 drivers
v0x55fe05069b60_0 .var "hold_flag_o", 0 0;
v0x55fe05069010_0 .net "jump_addr_i", 31 0, v0x55fe050906a0_0;  alias, 1 drivers
v0x55fe050684c0_0 .var "jump_addr_o", 31 0;
v0x55fe0508f2c0_0 .net "jump_en_i", 0 0, v0x55fe05090760_0;  alias, 1 drivers
v0x55fe0508f3d0_0 .var "jump_en_o", 0 0;
v0x55fe0508f490_0 .net "rst", 0 0, v0x55fe0509d980_0;  alias, 1 drivers
E_0x55fe05078a90 .event anyedge, v0x55fe0508f490_0, v0x55fe05069010_0, v0x55fe0508f2c0_0, v0x55fe0506a6b0_0;
S_0x55fe0508f670 .scope module, "ex_ins" "ex" 5 128, 7 2 0, S_0x55fe0508ed40;
 .timescale 0 0;
    .port_info 0 /INPUT 32 "op1_i";
    .port_info 1 /INPUT 32 "op2_i";
    .port_info 2 /INPUT 32 "inst_i";
    .port_info 3 /INPUT 32 "inst_addr_i";
    .port_info 4 /INPUT 1 "reg_wen_i";
    .port_info 5 /INPUT 5 "rd_addr_i";
    .port_info 6 /OUTPUT 32 "rd_data_o";
    .port_info 7 /OUTPUT 1 "reg_wen_o";
    .port_info 8 /OUTPUT 5 "rd_addr_o";
    .port_info 9 /OUTPUT 32 "jump_addr_o";
    .port_info 10 /OUTPUT 1 "jump_en_o";
    .port_info 11 /OUTPUT 1 "hold_flag_o";
v0x55fe0508f8d0_0 .net *"_ivl_15", 0 0, L_0x55fe050aede0;  1 drivers
v0x55fe0508f9d0_0 .net *"_ivl_16", 18 0, L_0x55fe050aef00;  1 drivers
v0x55fe0508fab0_0 .net *"_ivl_19", 0 0, L_0x55fe050af190;  1 drivers
v0x55fe0508fb70_0 .net *"_ivl_21", 0 0, L_0x55fe050af290;  1 drivers
v0x55fe0508fc50_0 .net *"_ivl_23", 5 0, L_0x55fe050af360;  1 drivers
v0x55fe0508fd80_0 .net *"_ivl_25", 3 0, L_0x55fe050af4a0;  1 drivers
L_0x7f3348831258 .functor BUFT 1, C4<0>, C4<0>, C4<0>, C4<0>;
v0x55fe0508fe60_0 .net/2u *"_ivl_26", 0 0, L_0x7f3348831258;  1 drivers
v0x55fe0508ff40_0 .net *"_ivl_30", 0 0, L_0x55fe050af6f0;  1 drivers
L_0x7f33488312a0 .functor BUFT 1, C4<1>, C4<0>, C4<0>, C4<0>;
v0x55fe05090000_0 .net/2u *"_ivl_32", 0 0, L_0x7f33488312a0;  1 drivers
L_0x7f33488312e8 .functor BUFT 1, C4<0>, C4<0>, C4<0>, C4<0>;
v0x55fe050900e0_0 .net/2u *"_ivl_34", 0 0, L_0x7f33488312e8;  1 drivers
v0x55fe050901c0_0 .net "funct3", 2 0, L_0x55fe050ae880;  1 drivers
v0x55fe050902a0_0 .net "funct7", 6 0, L_0x55fe050aed40;  1 drivers
v0x55fe05090380_0 .var "hold_flag_o", 0 0;
v0x55fe05090420_0 .net "imm", 11 0, L_0x55fe050aea50;  1 drivers
v0x55fe050904e0_0 .net "inst_addr_i", 31 0, v0x55fe05092690_0;  alias, 1 drivers
v0x55fe050905c0_0 .net "inst_i", 31 0, v0x55fe05091d40_0;  alias, 1 drivers
v0x55fe050906a0_0 .var "jump_addr_o", 31 0;
v0x55fe05090760_0 .var "jump_en_o", 0 0;
v0x55fe05090800_0 .net "jump_imm", 31 0, L_0x55fe050af5a0;  1 drivers
v0x55fe050908a0_0 .net "op1_i", 31 0, v0x55fe05093030_0;  alias, 1 drivers
v0x55fe05090980_0 .net "op1_i_equal_op2_i", 0 0, L_0x55fe050af8b0;  1 drivers
v0x55fe05090a40_0 .net "op2_i", 31 0, v0x55fe05093960_0;  alias, 1 drivers
v0x55fe05090b20_0 .net "opcode", 6 0, L_0x55fe050ae6e0;  1 drivers
v0x55fe05090c00_0 .net "rd", 4 0, L_0x55fe050ae7b0;  1 drivers
v0x55fe05090ce0_0 .net "rd_addr_i", 4 0, v0x55fe05094c30_0;  alias, 1 drivers
v0x55fe05090dc0_0 .var "rd_addr_o", 4 0;
v0x55fe05090ea0_0 .var "rd_data_o", 31 0;
v0x55fe05090f80_0 .net "reg_wen_i", 0 0, v0x55fe050942d0_0;  alias, 1 drivers
v0x55fe05091040_0 .var "reg_wen_o", 0 0;
v0x55fe05091100_0 .net "rs1", 4 0, L_0x55fe050ae950;  1 drivers
v0x55fe050911e0_0 .net "rs2", 4 0, L_0x55fe050aec30;  1 drivers
E_0x55fe05078ad0/0 .event anyedge, v0x55fe05090b20_0, v0x55fe050901c0_0, v0x55fe050908a0_0, v0x55fe05090a40_0;
E_0x55fe05078ad0/1 .event anyedge, v0x55fe05090c00_0, v0x55fe05090f80_0, v0x55fe050902a0_0, v0x55fe05090800_0;
E_0x55fe05078ad0/2 .event anyedge, v0x55fe050904e0_0, v0x55fe05090980_0, v0x55fe050905c0_0;
E_0x55fe05078ad0 .event/or E_0x55fe05078ad0/0, E_0x55fe05078ad0/1, E_0x55fe05078ad0/2;
L_0x55fe050ae6e0 .part v0x55fe05091d40_0, 0, 7;
L_0x55fe050ae7b0 .part v0x55fe05091d40_0, 7, 5;
L_0x55fe050ae880 .part v0x55fe05091d40_0, 12, 3;
L_0x55fe050ae950 .part v0x55fe05091d40_0, 15, 5;
L_0x55fe050aea50 .part v0x55fe05091d40_0, 20, 12;
L_0x55fe050aec30 .part v0x55fe05091d40_0, 20, 5;
L_0x55fe050aed40 .part v0x55fe05091d40_0, 25, 7;
L_0x55fe050aede0 .part v0x55fe05091d40_0, 31, 1;
LS_0x55fe050aef00_0_0 .concat [ 1 1 1 1], L_0x55fe050aede0, L_0x55fe050aede0, L_0x55fe050aede0, L_0x55fe050aede0;
LS_0x55fe050aef00_0_4 .concat [ 1 1 1 1], L_0x55fe050aede0, L_0x55fe050aede0, L_0x55fe050aede0, L_0x55fe050aede0;
LS_0x55fe050aef00_0_8 .concat [ 1 1 1 1], L_0x55fe050aede0, L_0x55fe050aede0, L_0x55fe050aede0, L_0x55fe050aede0;
LS_0x55fe050aef00_0_12 .concat [ 1 1 1 1], L_0x55fe050aede0, L_0x55fe050aede0, L_0x55fe050aede0, L_0x55fe050aede0;
LS_0x55fe050aef00_0_16 .concat [ 1 1 1 0], L_0x55fe050aede0, L_0x55fe050aede0, L_0x55fe050aede0;
LS_0x55fe050aef00_1_0 .concat [ 4 4 4 4], LS_0x55fe050aef00_0_0, LS_0x55fe050aef00_0_4, LS_0x55fe050aef00_0_8, LS_0x55fe050aef00_0_12;
LS_0x55fe050aef00_1_4 .concat [ 3 0 0 0], LS_0x55fe050aef00_0_16;
L_0x55fe050aef00 .concat [ 16 3 0 0], LS_0x55fe050aef00_1_0, LS_0x55fe050aef00_1_4;
L_0x55fe050af190 .part v0x55fe05091d40_0, 31, 1;
L_0x55fe050af290 .part v0x55fe05091d40_0, 7, 1;
L_0x55fe050af360 .part v0x55fe05091d40_0, 25, 6;
L_0x55fe050af4a0 .part v0x55fe05091d40_0, 8, 4;
LS_0x55fe050af5a0_0_0 .concat [ 1 4 6 1], L_0x7f3348831258, L_0x55fe050af4a0, L_0x55fe050af360, L_0x55fe050af290;
LS_0x55fe050af5a0_0_4 .concat [ 1 19 0 0], L_0x55fe050af190, L_0x55fe050aef00;
L_0x55fe050af5a0 .concat [ 12 20 0 0], LS_0x55fe050af5a0_0_0, LS_0x55fe050af5a0_0_4;
L_0x55fe050af6f0 .cmp/eq 32, v0x55fe05093030_0, v0x55fe05093960_0;
L_0x55fe050af8b0 .functor MUXZ 1, L_0x7f33488312e8, L_0x7f33488312a0, L_0x55fe050af6f0, C4<>;
S_0x55fe05091440 .scope module, "id_ex_ins" "id_ex" 5 99, 8 2 0, S_0x55fe0508ed40;
 .timescale 0 0;
    .port_info 0 /INPUT 1 "clk";
    .port_info 1 /INPUT 1 "rst";
    .port_info 2 /INPUT 32 "op1_i";
    .port_info 3 /INPUT 32 "op2_i";
    .port_info 4 /INPUT 32 "inst_i";
    .port_info 5 /INPUT 32 "inst_addr_i";
    .port_info 6 /INPUT 1 "reg_wen_i";
    .port_info 7 /INPUT 5 "rd_addr_i";
    .port_info 8 /INPUT 1 "hold_flag_i";
    .port_info 9 /OUTPUT 32 "op1_o";
    .port_info 10 /OUTPUT 32 "op2_o";
    .port_info 11 /OUTPUT 32 "inst_o";
    .port_info 12 /OUTPUT 32 "inst_addr_o";
    .port_info 13 /OUTPUT 1 "reg_wen_o";
    .port_info 14 /OUTPUT 5 "rd_addr_o";
v0x55fe05095080_0 .net "clk", 0 0, v0x55fe0509d800_0;  alias, 1 drivers
v0x55fe05095140_0 .net "hold_flag_i", 0 0, o0x7f334887ad98;  alias, 0 drivers
v0x55fe05095200_0 .net "inst_addr_i", 31 0, v0x55fe05096560_0;  alias, 1 drivers
v0x55fe050952d0_0 .net "inst_addr_o", 31 0, v0x55fe05092690_0;  alias, 1 drivers
v0x55fe050953c0_0 .net "inst_i", 31 0, v0x55fe050967a0_0;  alias, 1 drivers
v0x55fe050954b0_0 .net "inst_o", 31 0, v0x55fe05091d40_0;  alias, 1 drivers
v0x55fe050955a0_0 .net "op1_i", 31 0, v0x55fe050968b0_0;  alias, 1 drivers
v0x55fe05095660_0 .net "op1_o", 31 0, v0x55fe05093030_0;  alias, 1 drivers
v0x55fe05095750_0 .net "op2_i", 31 0, v0x55fe050969c0_0;  alias, 1 drivers
v0x55fe05095810_0 .net "op2_o", 31 0, v0x55fe05093960_0;  alias, 1 drivers
v0x55fe050958b0_0 .net "rd_addr_i", 4 0, v0x55fe05096cd0_0;  alias, 1 drivers
v0x55fe05095970_0 .net "rd_addr_o", 4 0, v0x55fe05094c30_0;  alias, 1 drivers
v0x55fe05095a60_0 .net "reg_wen_i", 0 0, v0x55fe05096de0_0;  alias, 1 drivers
v0x55fe05095b00_0 .net "reg_wen_o", 0 0, v0x55fe050942d0_0;  alias, 1 drivers
v0x55fe05095bf0_0 .net "rst", 0 0, v0x55fe0509d980_0;  alias, 1 drivers
S_0x55fe05091770 .scope module, "dff1" "dff_set" 8 25, 9 1 0, S_0x55fe05091440;
 .timescale 0 0;
    .port_info 0 /INPUT 1 "clk";
    .port_info 1 /INPUT 1 "rst";
    .port_info 2 /INPUT 1 "hold_flag_i";
    .port_info 3 /INPUT 32 "set_data";
    .port_info 4 /INPUT 32 "data_i";
    .port_info 5 /OUTPUT 32 "data_o";
P_0x55fe05091950 .param/l "DW" 0 9 2, +C4<00000000000000000000000000100000>;
v0x55fe05091b80_0 .net "clk", 0 0, v0x55fe0509d800_0;  alias, 1 drivers
v0x55fe05091c60_0 .net "data_i", 31 0, v0x55fe050967a0_0;  alias, 1 drivers
v0x55fe05091d40_0 .var "data_o", 31 0;
v0x55fe05091e40_0 .net "hold_flag_i", 0 0, o0x7f334887ad98;  alias, 0 drivers
v0x55fe05091ee0_0 .net "rst", 0 0, v0x55fe0509d980_0;  alias, 1 drivers
L_0x7f33488310a8 .functor BUFT 1, C4<00000000000000000000000000000001>, C4<0>, C4<0>, C4<0>;
v0x55fe05091fd0_0 .net "set_data", 31 0, L_0x7f33488310a8;  1 drivers
E_0x55fe05091b00 .event posedge, v0x55fe05091b80_0;
S_0x55fe05092190 .scope module, "dff2" "dff_set" 8 27, 9 1 0, S_0x55fe05091440;
 .timescale 0 0;
    .port_info 0 /INPUT 1 "clk";
    .port_info 1 /INPUT 1 "rst";
    .port_info 2 /INPUT 1 "hold_flag_i";
    .port_info 3 /INPUT 32 "set_data";
    .port_info 4 /INPUT 32 "data_i";
    .port_info 5 /OUTPUT 32 "data_o";
P_0x55fe05092390 .param/l "DW" 0 9 2, +C4<00000000000000000000000000100000>;
v0x55fe05092500_0 .net "clk", 0 0, v0x55fe0509d800_0;  alias, 1 drivers
v0x55fe050925d0_0 .net "data_i", 31 0, v0x55fe05096560_0;  alias, 1 drivers
v0x55fe05092690_0 .var "data_o", 31 0;
v0x55fe05092790_0 .net "hold_flag_i", 0 0, o0x7f334887ad98;  alias, 0 drivers
v0x55fe05092860_0 .net "rst", 0 0, v0x55fe0509d980_0;  alias, 1 drivers
L_0x7f33488310f0 .functor BUFT 1, C4<00000000000000000000000000000000>, C4<0>, C4<0>, C4<0>;
v0x55fe050929a0_0 .net "set_data", 31 0, L_0x7f33488310f0;  1 drivers
S_0x55fe05092b40 .scope module, "dff3" "dff_set" 8 29, 9 1 0, S_0x55fe05091440;
 .timescale 0 0;
    .port_info 0 /INPUT 1 "clk";
    .port_info 1 /INPUT 1 "rst";
    .port_info 2 /INPUT 1 "hold_flag_i";
    .port_info 3 /INPUT 32 "set_data";
    .port_info 4 /INPUT 32 "data_i";
    .port_info 5 /OUTPUT 32 "data_o";
P_0x55fe05092d20 .param/l "DW" 0 9 2, +C4<00000000000000000000000000100000>;
v0x55fe05092e60_0 .net "clk", 0 0, v0x55fe0509d800_0;  alias, 1 drivers
v0x55fe05092f50_0 .net "data_i", 31 0, v0x55fe050968b0_0;  alias, 1 drivers
v0x55fe05093030_0 .var "data_o", 31 0;
v0x55fe05093100_0 .net "hold_flag_i", 0 0, o0x7f334887ad98;  alias, 0 drivers
v0x55fe050931f0_0 .net "rst", 0 0, v0x55fe0509d980_0;  alias, 1 drivers
L_0x7f3348831138 .functor BUFT 1, C4<00000000000000000000000000000000>, C4<0>, C4<0>, C4<0>;
v0x55fe050932e0_0 .net "set_data", 31 0, L_0x7f3348831138;  1 drivers
S_0x55fe050934a0 .scope module, "dff4" "dff_set" 8 31, 9 1 0, S_0x55fe05091440;
 .timescale 0 0;
    .port_info 0 /INPUT 1 "clk";
    .port_info 1 /INPUT 1 "rst";
    .port_info 2 /INPUT 1 "hold_flag_i";
    .port_info 3 /INPUT 32 "set_data";
    .port_info 4 /INPUT 32 "data_i";
    .port_info 5 /OUTPUT 32 "data_o";
P_0x55fe05093680 .param/l "DW" 0 9 2, +C4<00000000000000000000000000100000>;
v0x55fe050937c0_0 .net "clk", 0 0, v0x55fe0509d800_0;  alias, 1 drivers
v0x55fe05093880_0 .net "data_i", 31 0, v0x55fe050969c0_0;  alias, 1 drivers
v0x55fe05093960_0 .var "data_o", 31 0;
v0x55fe05093a30_0 .net "hold_flag_i", 0 0, o0x7f334887ad98;  alias, 0 drivers
v0x55fe05093ad0_0 .net "rst", 0 0, v0x55fe0509d980_0;  alias, 1 drivers
L_0x7f3348831180 .functor BUFT 1, C4<00000000000000000000000000000000>, C4<0>, C4<0>, C4<0>;
v0x55fe05093bc0_0 .net "set_data", 31 0, L_0x7f3348831180;  1 drivers
S_0x55fe05093d80 .scope module, "dff5" "dff_set" 8 33, 9 1 0, S_0x55fe05091440;
 .timescale 0 0;
    .port_info 0 /INPUT 1 "clk";
    .port_info 1 /INPUT 1 "rst";
    .port_info 2 /INPUT 1 "hold_flag_i";
    .port_info 3 /INPUT 1 "set_data";
    .port_info 4 /INPUT 1 "data_i";
    .port_info 5 /OUTPUT 1 "data_o";
P_0x55fe05093f60 .param/l "DW" 0 9 2, +C4<00000000000000000000000000000001>;
v0x55fe05094130_0 .net "clk", 0 0, v0x55fe0509d800_0;  alias, 1 drivers
v0x55fe050941f0_0 .net "data_i", 0 0, v0x55fe05096de0_0;  alias, 1 drivers
v0x55fe050942d0_0 .var "data_o", 0 0;
v0x55fe050943a0_0 .net "hold_flag_i", 0 0, o0x7f334887ad98;  alias, 0 drivers
v0x55fe050944d0_0 .net "rst", 0 0, v0x55fe0509d980_0;  alias, 1 drivers
L_0x7f33488311c8 .functor BUFT 1, C4<0>, C4<0>, C4<0>, C4<0>;
v0x55fe05094570_0 .net "set_data", 0 0, L_0x7f33488311c8;  1 drivers
S_0x55fe05094730 .scope module, "dff6" "dff_set" 8 35, 9 1 0, S_0x55fe05091440;
 .timescale 0 0;
    .port_info 0 /INPUT 1 "clk";
    .port_info 1 /INPUT 1 "rst";
    .port_info 2 /INPUT 1 "hold_flag_i";
    .port_info 3 /INPUT 5 "set_data";
    .port_info 4 /INPUT 5 "data_i";
    .port_info 5 /OUTPUT 5 "data_o";
P_0x55fe050948c0 .param/l "DW" 0 9 2, +C4<00000000000000000000000000000101>;
v0x55fe05094a90_0 .net "clk", 0 0, v0x55fe0509d800_0;  alias, 1 drivers
v0x55fe05094b50_0 .net "data_i", 4 0, v0x55fe05096cd0_0;  alias, 1 drivers
v0x55fe05094c30_0 .var "data_o", 4 0;
v0x55fe05094d30_0 .net "hold_flag_i", 0 0, o0x7f334887ad98;  alias, 0 drivers
v0x55fe05094dd0_0 .net "rst", 0 0, v0x55fe0509d980_0;  alias, 1 drivers
L_0x7f3348831210 .functor BUFT 1, C4<00000>, C4<0>, C4<0>, C4<0>;
v0x55fe05094ec0_0 .net "set_data", 4 0, L_0x7f3348831210;  1 drivers
S_0x55fe05095e50 .scope module, "id_ins" "id" 5 55, 10 2 0, S_0x55fe0508ed40;
 .timescale 0 0;
    .port_info 0 /INPUT 32 "inst_i";
    .port_info 1 /INPUT 32 "inst_addr_i";
    .port_info 2 /INPUT 32 "rs1_data_i";
    .port_info 3 /INPUT 32 "rs2_data_i";
    .port_info 4 /OUTPUT 5 "rs1_addr_o";
    .port_info 5 /OUTPUT 5 "rs2_addr_o";
    .port_info 6 /OUTPUT 32 "op1_o";
    .port_info 7 /OUTPUT 32 "op2_o";
    .port_info 8 /OUTPUT 32 "inst_o";
    .port_info 9 /OUTPUT 32 "inst_addr_o";
    .port_info 10 /OUTPUT 5 "rd_addr_o";
    .port_info 11 /OUTPUT 1 "reg_wen";
v0x55fe050961e0_0 .net "funct3", 2 0, L_0x55fe050ae170;  1 drivers
v0x55fe050962e0_0 .net "funct7", 6 0, L_0x55fe050ae520;  1 drivers
v0x55fe050963c0_0 .net "imm", 11 0, L_0x55fe050ae340;  1 drivers
v0x55fe05096480_0 .net "inst_addr_i", 31 0, v0x55fe050988a0_0;  alias, 1 drivers
v0x55fe05096560_0 .var "inst_addr_o", 31 0;
v0x55fe050966c0_0 .net "inst_i", 31 0, v0x55fe05097dd0_0;  alias, 1 drivers
v0x55fe050967a0_0 .var "inst_o", 31 0;
v0x55fe050968b0_0 .var "op1_o", 31 0;
v0x55fe050969c0_0 .var "op2_o", 31 0;
v0x55fe05096b10_0 .net "opcode", 6 0, L_0x55fe050adfa0;  1 drivers
v0x55fe05096bf0_0 .net "rd", 4 0, L_0x55fe050ae0d0;  1 drivers
v0x55fe05096cd0_0 .var "rd_addr_o", 4 0;
v0x55fe05096de0_0 .var "reg_wen", 0 0;
v0x55fe05096ed0_0 .net "rs1", 4 0, L_0x55fe050ae240;  1 drivers
v0x55fe05096fb0_0 .var "rs1_addr_o", 4 0;
v0x55fe05097090_0 .net "rs1_data_i", 31 0, v0x55fe0509aba0_0;  alias, 1 drivers
v0x55fe05097170_0 .net "rs2", 4 0, L_0x55fe050ae410;  1 drivers
v0x55fe05097250_0 .var "rs2_addr_o", 4 0;
v0x55fe05097330_0 .net "rs2_data_i", 31 0, v0x55fe0509ad40_0;  alias, 1 drivers
E_0x55fe05091a20/0 .event anyedge, v0x55fe050966c0_0, v0x55fe05096480_0, v0x55fe05096b10_0, v0x55fe050961e0_0;
E_0x55fe05091a20/1 .event anyedge, v0x55fe05096ed0_0, v0x55fe05097090_0, v0x55fe050963c0_0, v0x55fe05096bf0_0;
E_0x55fe05091a20/2 .event anyedge, v0x55fe05097170_0, v0x55fe05097330_0;
E_0x55fe05091a20 .event/or E_0x55fe05091a20/0, E_0x55fe05091a20/1, E_0x55fe05091a20/2;
L_0x55fe050adfa0 .part v0x55fe05097dd0_0, 0, 7;
L_0x55fe050ae0d0 .part v0x55fe05097dd0_0, 7, 5;
L_0x55fe050ae170 .part v0x55fe05097dd0_0, 12, 3;
L_0x55fe050ae240 .part v0x55fe05097dd0_0, 15, 5;
L_0x55fe050ae340 .part v0x55fe05097dd0_0, 20, 12;
L_0x55fe050ae410 .part v0x55fe05097dd0_0, 20, 5;
L_0x55fe050ae520 .part v0x55fe05097dd0_0, 25, 7;
S_0x55fe05097590 .scope module, "if_id_ins" "if_id" 5 39, 11 3 0, S_0x55fe0508ed40;
 .timescale 0 0;
    .port_info 0 /INPUT 1 "clk";
    .port_info 1 /INPUT 1 "rst";
    .port_info 2 /INPUT 1 "hold_flag_i";
    .port_info 3 /INPUT 32 "inst_i";
    .port_info 4 /INPUT 32 "inst_addr_i";
    .port_info 5 /OUTPUT 32 "inst_o";
    .port_info 6 /OUTPUT 32 "inst_addr_o";
v0x55fe05098da0_0 .net "clk", 0 0, v0x55fe0509d800_0;  alias, 1 drivers
v0x55fe05098e60_0 .net "hold_flag_i", 0 0, o0x7f334887ad98;  alias, 0 drivers
v0x55fe05098f20_0 .net "inst_addr_i", 31 0, L_0x55fe050025d0;  alias, 1 drivers
v0x55fe05098fc0_0 .net "inst_addr_o", 31 0, v0x55fe050988a0_0;  alias, 1 drivers
v0x55fe050990b0_0 .net "inst_i", 31 0, L_0x55fe05079f80;  alias, 1 drivers
v0x55fe050991a0_0 .net "inst_o", 31 0, v0x55fe05097dd0_0;  alias, 1 drivers
v0x55fe05099290_0 .net "rst", 0 0, v0x55fe0509d980_0;  alias, 1 drivers
S_0x55fe050978b0 .scope module, "dff1" "dff_set" 11 14, 9 1 0, S_0x55fe05097590;
 .timescale 0 0;
    .port_info 0 /INPUT 1 "clk";
    .port_info 1 /INPUT 1 "rst";
    .port_info 2 /INPUT 1 "hold_flag_i";
    .port_info 3 /INPUT 32 "set_data";
    .port_info 4 /INPUT 32 "data_i";
    .port_info 5 /OUTPUT 32 "data_o";
P_0x55fe05097ab0 .param/l "DW" 0 9 2, +C4<00000000000000000000000000100000>;
v0x55fe05097c30_0 .net "clk", 0 0, v0x55fe0509d800_0;  alias, 1 drivers
v0x55fe05097cf0_0 .net "data_i", 31 0, L_0x55fe05079f80;  alias, 1 drivers
v0x55fe05097dd0_0 .var "data_o", 31 0;
v0x55fe05097e70_0 .net "hold_flag_i", 0 0, o0x7f334887ad98;  alias, 0 drivers
v0x55fe05097f10_0 .net "rst", 0 0, v0x55fe0509d980_0;  alias, 1 drivers
L_0x7f3348831018 .functor BUFT 1, C4<00000000000000000000000000000001>, C4<0>, C4<0>, C4<0>;
v0x55fe05098110_0 .net "set_data", 31 0, L_0x7f3348831018;  1 drivers
S_0x55fe050982d0 .scope module, "dff2" "dff_set" 11 16, 9 1 0, S_0x55fe05097590;
 .timescale 0 0;
    .port_info 0 /INPUT 1 "clk";
    .port_info 1 /INPUT 1 "rst";
    .port_info 2 /INPUT 1 "hold_flag_i";
    .port_info 3 /INPUT 32 "set_data";
    .port_info 4 /INPUT 32 "data_i";
    .port_info 5 /OUTPUT 32 "data_o";
P_0x55fe050984d0 .param/l "DW" 0 9 2, +C4<00000000000000000000000000100000>;
v0x55fe05098610_0 .net "clk", 0 0, v0x55fe0509d800_0;  alias, 1 drivers
v0x55fe050987c0_0 .net "data_i", 31 0, L_0x55fe050025d0;  alias, 1 drivers
v0x55fe050988a0_0 .var "data_o", 31 0;
v0x55fe05098940_0 .net "hold_flag_i", 0 0, o0x7f334887ad98;  alias, 0 drivers
v0x55fe05098af0_0 .net "rst", 0 0, v0x55fe0509d980_0;  alias, 1 drivers
L_0x7f3348831060 .functor BUFT 1, C4<00000000000000000000000000000000>, C4<0>, C4<0>, C4<0>;
v0x55fe05098be0_0 .net "set_data", 31 0, L_0x7f3348831060;  1 drivers
S_0x55fe05099410 .scope module, "ifetch_ins" "ifetch" 5 25, 12 1 0, S_0x55fe0508ed40;
 .timescale 0 0;
    .port_info 0 /INPUT 32 "pc_addr_i";
    .port_info 1 /INPUT 32 "rom_inst_i";
    .port_info 2 /OUTPUT 32 "if2rom_addr_o";
    .port_info 3 /OUTPUT 32 "inst_addr_o";
    .port_info 4 /OUTPUT 32 "inst_o";
L_0x55fe05068ef0 .functor BUFZ 32, v0x55fe05099fa0_0, C4<00000000000000000000000000000000>, C4<00000000000000000000000000000000>, C4<00000000000000000000000000000000>;
L_0x55fe050025d0 .functor BUFZ 32, v0x55fe05099fa0_0, C4<00000000000000000000000000000000>, C4<00000000000000000000000000000000>, C4<00000000000000000000000000000000>;
L_0x55fe05079f80 .functor BUFZ 32, v0x55fe05059fc0_0, C4<00000000000000000000000000000000>, C4<00000000000000000000000000000000>, C4<00000000000000000000000000000000>;
v0x55fe050995f0_0 .net "if2rom_addr_o", 31 0, L_0x55fe05068ef0;  alias, 1 drivers
v0x55fe050996d0_0 .net "inst_addr_o", 31 0, L_0x55fe050025d0;  alias, 1 drivers
v0x55fe050997c0_0 .net "inst_o", 31 0, L_0x55fe05079f80;  alias, 1 drivers
v0x55fe050998b0_0 .net "pc_addr_i", 31 0, v0x55fe05099fa0_0;  alias, 1 drivers
v0x55fe05099990_0 .net "rom_inst_i", 31 0, v0x55fe05059fc0_0;  alias, 1 drivers
S_0x55fe05099b20 .scope module, "pc_reg_ins" "pc_reg" 5 12, 13 1 0, S_0x55fe0508ed40;
 .timescale 0 0;
    .port_info 0 /INPUT 1 "clk";
    .port_info 1 /INPUT 1 "rst";
    .port_info 2 /INPUT 32 "jump_addr_i";
    .port_info 3 /INPUT 1 "jump_en_i";
    .port_info 4 /OUTPUT 32 "pc_o";
v0x55fe05099d80_0 .net "clk", 0 0, v0x55fe0509d800_0;  alias, 1 drivers
v0x55fe05099e40_0 .net "jump_addr_i", 31 0, v0x55fe050684c0_0;  alias, 1 drivers
v0x55fe05099f00_0 .net "jump_en_i", 0 0, v0x55fe0508f3d0_0;  alias, 1 drivers
v0x55fe05099fa0_0 .var "pc_o", 31 0;
v0x55fe0509a070_0 .net "rst", 0 0, v0x55fe0509d980_0;  alias, 1 drivers
S_0x55fe0509a1a0 .scope module, "regs_ins" "regs" 5 85, 14 1 0, S_0x55fe0508ed40;
 .timescale 0 0;
    .port_info 0 /INPUT 1 "clk";
    .port_info 1 /INPUT 1 "rst";
    .port_info 2 /INPUT 5 "reg1_raddr_i";
    .port_info 3 /INPUT 5 "reg2_raddr_i";
    .port_info 4 /OUTPUT 32 "reg1_rdata_o";
    .port_info 5 /OUTPUT 32 "reg2_rdata_o";
    .port_info 6 /INPUT 32 "rd_data_i";
    .port_info 7 /INPUT 5 "rd_addr_i";
    .port_info 8 /INPUT 1 "reg_wen";
v0x55fe0509a770_0 .net "clk", 0 0, v0x55fe0509d800_0;  alias, 1 drivers
v0x55fe0509a830_0 .var/i "i", 31 0;
v0x55fe0509a910_0 .net "rd_addr_i", 4 0, v0x55fe05090dc0_0;  alias, 1 drivers
v0x55fe0509a9e0_0 .net "rd_data_i", 31 0, v0x55fe05090ea0_0;  alias, 1 drivers
v0x55fe0509aab0_0 .net "reg1_raddr_i", 4 0, v0x55fe05096fb0_0;  alias, 1 drivers
v0x55fe0509aba0_0 .var "reg1_rdata_o", 31 0;
v0x55fe0509ac70_0 .net "reg2_raddr_i", 4 0, v0x55fe05097250_0;  alias, 1 drivers
v0x55fe0509ad40_0 .var "reg2_rdata_o", 31 0;
v0x55fe0509ae10_0 .net "reg_wen", 0 0, v0x55fe05091040_0;  alias, 1 drivers
v0x55fe0509aee0 .array "regs", 31 0, 31 0;
v0x55fe0509b470_0 .net "rst", 0 0, v0x55fe0509d980_0;  alias, 1 drivers
E_0x55fe050977c0/0 .event anyedge, v0x55fe0508f490_0, v0x55fe05097250_0, v0x55fe05091040_0, v0x55fe05090dc0_0;
v0x55fe0509aee0_0 .array/port v0x55fe0509aee0, 0;
v0x55fe0509aee0_1 .array/port v0x55fe0509aee0, 1;
v0x55fe0509aee0_2 .array/port v0x55fe0509aee0, 2;
E_0x55fe050977c0/1 .event anyedge, v0x55fe05090ea0_0, v0x55fe0509aee0_0, v0x55fe0509aee0_1, v0x55fe0509aee0_2;
v0x55fe0509aee0_4 .array/port v0x55fe0509aee0, 4;
v0x55fe0509aee0_5 .array/port v0x55fe0509aee0, 5;
v0x55fe0509aee0_6 .array/port v0x55fe0509aee0, 6;
E_0x55fe050977c0/2 .event anyedge, v0x55fe0509aee0_3, v0x55fe0509aee0_4, v0x55fe0509aee0_5, v0x55fe0509aee0_6;
v0x55fe0509aee0_7 .array/port v0x55fe0509aee0, 7;
v0x55fe0509aee0_8 .array/port v0x55fe0509aee0, 8;
v0x55fe0509aee0_9 .array/port v0x55fe0509aee0, 9;
v0x55fe0509aee0_10 .array/port v0x55fe0509aee0, 10;
E_0x55fe050977c0/3 .event anyedge, v0x55fe0509aee0_7, v0x55fe0509aee0_8, v0x55fe0509aee0_9, v0x55fe0509aee0_10;
v0x55fe0509aee0_11 .array/port v0x55fe0509aee0, 11;
v0x55fe0509aee0_12 .array/port v0x55fe0509aee0, 12;
v0x55fe0509aee0_13 .array/port v0x55fe0509aee0, 13;
v0x55fe0509aee0_14 .array/port v0x55fe0509aee0, 14;
E_0x55fe050977c0/4 .event anyedge, v0x55fe0509aee0_11, v0x55fe0509aee0_12, v0x55fe0509aee0_13, v0x55fe0509aee0_14;
v0x55fe0509aee0_15 .array/port v0x55fe0509aee0, 15;
v0x55fe0509aee0_16 .array/port v0x55fe0509aee0, 16;
v0x55fe0509aee0_17 .array/port v0x55fe0509aee0, 17;
v0x55fe0509aee0_18 .array/port v0x55fe0509aee0, 18;
E_0x55fe050977c0/5 .event anyedge, v0x55fe0509aee0_15, v0x55fe0509aee0_16, v0x55fe0509aee0_17, v0x55fe0509aee0_18;
v0x55fe0509aee0_19 .array/port v0x55fe0509aee0, 19;
v0x55fe0509aee0_20 .array/port v0x55fe0509aee0, 20;
v0x55fe0509aee0_21 .array/port v0x55fe0509aee0, 21;
v0x55fe0509aee0_22 .array/port v0x55fe0509aee0, 22;
E_0x55fe050977c0/6 .event anyedge, v0x55fe0509aee0_19, v0x55fe0509aee0_20, v0x55fe0509aee0_21, v0x55fe0509aee0_22;
v0x55fe0509aee0_23 .array/port v0x55fe0509aee0, 23;
v0x55fe0509aee0_24 .array/port v0x55fe0509aee0, 24;
v0x55fe0509aee0_25 .array/port v0x55fe0509aee0, 25;
E_0x55fe050977c0/7 .event anyedge, v0x55fe0509aee0_23, v0x55fe0509aee0_24, v0x55fe0509aee0_25, v0x55fe0509aee0_26;
v0x55fe0509aee0_28 .array/port v0x55fe0509aee0, 28;
v0x55fe0509aee0_29 .array/port v0x55fe0509aee0, 29;
v0x55fe0509aee0_30 .array/port v0x55fe0509aee0, 30;
E_0x55fe050977c0/8 .event anyedge, v0x55fe0509aee0_27, v0x55fe0509aee0_28, v0x55fe0509aee0_29, v0x55fe0509aee0_30;
v0x55fe0509aee0_31 .array/port v0x55fe0509aee0, 31;
E_0x55fe050977c0/9 .event anyedge, v0x55fe0509aee0_31;
E_0x55fe050977c0 .event/or E_0x55fe050977c0/0, E_0x55fe050977c0/1, E_0x55fe050977c0/2, E_0x55fe050977c0/3, E_0x55fe050977c0/4, E_0x55fe050977c0/5, E_0x55fe050977c0/6, E_0x55fe050977c0/7, E_0x55fe050977c0/8, E_0x55fe050977c0/9;
E_0x55fe0509a600/0 .event anyedge, v0x55fe0508f490_0, v0x55fe05096fb0_0, v0x55fe05091040_0, v0x55fe05090dc0_0;
E_0x55fe0509a600/1 .event anyedge, v0x55fe05090ea0_0, v0x55fe0509aee0_0, v0x55fe0509aee0_1, v0x55fe0509aee0_2;
E_0x55fe0509a600/2 .event anyedge, v0x55fe0509aee0_3, v0x55fe0509aee0_4, v0x55fe0509aee0_5, v0x55fe0509aee0_6;
E_0x55fe0509a600/3 .event anyedge, v0x55fe0509aee0_7, v0x55fe0509aee0_8, v0x55fe0509aee0_9, v0x55fe0509aee0_10;
E_0x55fe0509a600/4 .event anyedge, v0x55fe0509aee0_11, v0x55fe0509aee0_12, v0x55fe0509aee0_13, v0x55fe0509aee0_14;
E_0x55fe0509a600/5 .event anyedge, v0x55fe0509aee0_15, v0x55fe0509aee0_16, v0x55fe0509aee0_17, v0x55fe0509aee0_18;
E_0x55fe0509a600/6 .event anyedge, v0x55fe0509aee0_19, v0x55fe0509aee0_20, v0x55fe0509aee0_21, v0x55fe0509aee0_22;
E_0x55fe0509a600/7 .event anyedge, v0x55fe0509aee0_23, v0x55fe0509aee0_24, v0x55fe0509aee0_25, v0x55fe0509aee0_26;
E_0x55fe0509a600/8 .event anyedge, v0x55fe0509aee0_27, v0x55fe0509aee0_28, v0x55fe0509aee0_29, v0x55fe0509aee0_30;
E_0x55fe0509a600/9 .event anyedge, v0x55fe0509aee0_31;
E_0x55fe0509a600 .event/or E_0x55fe0509a600/0, E_0x55fe0509a600/1, E_0x55fe0509a600/2, E_0x55fe0509a600/3, E_0x55fe0509a600/4, E_0x55fe0509a600/5, E_0x55fe0509a600/6, E_0x55fe0509a600/7, E_0x55fe0509a600/8, E_0x55fe0509a600/9;
    .scope S_0x55fe0505c370;
T_0 ;
    %wait E_0x55fe050794b0;
    %load/vec4 v0x55fe0505acc0_0;
    %ix/load 5, 2, 0;
    %flag_set/imm 4, 0;
    %shiftr 5;
    %ix/vec4 4;
    %load/vec4a v0x55fe0506b190, 4;
    %store/vec4 v0x55fe05059fc0_0, 0, 32;
    %jmp T_0;
    .thread T_0, $push;
    .scope S_0x55fe05099b20;
T_1 ;
    %wait E_0x55fe05091b00;
    %load/vec4 v0x55fe0509a070_0;
    %cmpi/e 0, 0, 1;
    %jmp/0xz  T_1.0, 4;
    %pushi/vec4 0, 0, 32;
    %assign/vec4 v0x55fe05099fa0_0, 0;
    %jmp T_1.1;
T_1.0 ;
    %load/vec4 v0x55fe05099f00_0;
    %cmpi/e 1, 0, 1;
    %jmp/0xz  T_1.2, 4;
    %load/vec4 v0x55fe05099e40_0;
    %assign/vec4 v0x55fe05099fa0_0, 0;
    %jmp T_1.3;
T_1.2 ;
    %load/vec4 v0x55fe05099fa0_0;
    %addi 4, 0, 32;
    %assign/vec4 v0x55fe05099fa0_0, 0;
T_1.3 ;
T_1.1 ;
    %jmp T_1;
    .thread T_1;
    .scope S_0x55fe050978b0;
T_2 ;
    %wait E_0x55fe05091b00;
    %load/vec4 v0x55fe05097f10_0;
    %cmpi/e 0, 0, 1;
    %jmp/1 T_2.2, 4;
    %flag_mov 8, 4;
    %load/vec4 v0x55fe05097e70_0;
    %cmpi/e 1, 0, 1;
    %flag_or 4, 8;
T_2.2;
    %jmp/0xz  T_2.0, 4;
    %load/vec4 v0x55fe05098110_0;
    %assign/vec4 v0x55fe05097dd0_0, 0;
    %jmp T_2.1;
T_2.0 ;
    %load/vec4 v0x55fe05097cf0_0;
    %assign/vec4 v0x55fe05097dd0_0, 0;
T_2.1 ;
    %jmp T_2;
    .thread T_2;
    .scope S_0x55fe050982d0;
T_3 ;
    %wait E_0x55fe05091b00;
    %load/vec4 v0x55fe05098af0_0;
    %cmpi/e 0, 0, 1;
    %jmp/1 T_3.2, 4;
    %flag_mov 8, 4;
    %load/vec4 v0x55fe05098940_0;
    %cmpi/e 1, 0, 1;
    %flag_or 4, 8;
T_3.2;
    %jmp/0xz  T_3.0, 4;
    %load/vec4 v0x55fe05098be0_0;
    %assign/vec4 v0x55fe050988a0_0, 0;
    %jmp T_3.1;
T_3.0 ;
    %load/vec4 v0x55fe050987c0_0;
    %assign/vec4 v0x55fe050988a0_0, 0;
T_3.1 ;
    %jmp T_3;
    .thread T_3;
    .scope S_0x55fe05095e50;
T_4 ;
    %wait E_0x55fe05091a20;
    %load/vec4 v0x55fe050966c0_0;
    %store/vec4 v0x55fe050967a0_0, 0, 32;
    %load/vec4 v0x55fe05096480_0;
    %store/vec4 v0x55fe05096560_0, 0, 32;
    %load/vec4 v0x55fe05096b10_0;
    %dup/vec4;
    %pushi/vec4 19, 0, 7;
    %cmp/u;
    %jmp/1 T_4.0, 6;
    %dup/vec4;
    %pushi/vec4 51, 0, 7;
    %cmp/u;
    %jmp/1 T_4.1, 6;
    %dup/vec4;
    %pushi/vec4 99, 0, 7;
    %cmp/u;
    %jmp/1 T_4.2, 6;
    %dup/vec4;
    %pushi/vec4 111, 0, 7;
    %cmp/u;
    %jmp/1 T_4.3, 6;
    %dup/vec4;
    %pushi/vec4 55, 0, 7;
    %cmp/u;
    %jmp/1 T_4.4, 6;
    %pushi/vec4 0, 0, 5;
    %store/vec4 v0x55fe05096fb0_0, 0, 5;
    %pushi/vec4 0, 0, 5;
    %store/vec4 v0x55fe05097250_0, 0, 5;
    %pushi/vec4 0, 0, 32;
    %store/vec4 v0x55fe050968b0_0, 0, 32;
    %pushi/vec4 0, 0, 32;
    %store/vec4 v0x55fe050969c0_0, 0, 32;
    %pushi/vec4 0, 0, 1;
    %store/vec4 v0x55fe05096de0_0, 0, 1;
    %pushi/vec4 0, 0, 5;
    %store/vec4 v0x55fe05096cd0_0, 0, 5;
    %jmp T_4.6;
T_4.0 ;
    %load/vec4 v0x55fe050961e0_0;
    %dup/vec4;
    %pushi/vec4 0, 0, 3;
    %cmp/u;
    %jmp/1 T_4.7, 6;
    %pushi/vec4 0, 0, 5;
    %store/vec4 v0x55fe05096fb0_0, 0, 5;
    %pushi/vec4 0, 0, 5;
    %store/vec4 v0x55fe05097250_0, 0, 5;
    %pushi/vec4 0, 0, 32;
    %store/vec4 v0x55fe050968b0_0, 0, 32;
    %pushi/vec4 0, 0, 32;
    %store/vec4 v0x55fe050969c0_0, 0, 32;
    %pushi/vec4 0, 0, 1;
    %store/vec4 v0x55fe05096de0_0, 0, 1;
    %pushi/vec4 0, 0, 5;
    %store/vec4 v0x55fe05096cd0_0, 0, 5;
    %jmp T_4.9;
T_4.7 ;
    %load/vec4 v0x55fe05096ed0_0;
    %store/vec4 v0x55fe05096fb0_0, 0, 5;
    %pushi/vec4 0, 0, 5;
    %store/vec4 v0x55fe05097250_0, 0, 5;
    %load/vec4 v0x55fe05097090_0;
    %store/vec4 v0x55fe050968b0_0, 0, 32;
    %load/vec4 v0x55fe050963c0_0;
    %parti/s 1, 11, 5;
    %replicate 20;
    %load/vec4 v0x55fe050963c0_0;
    %concat/vec4; draw_concat_vec4
    %store/vec4 v0x55fe050969c0_0, 0, 32;
    %pushi/vec4 1, 0, 1;
    %store/vec4 v0x55fe05096de0_0, 0, 1;
    %load/vec4 v0x55fe05096bf0_0;
    %store/vec4 v0x55fe05096cd0_0, 0, 5;
    %jmp T_4.9;
T_4.9 ;
    %pop/vec4 1;
    %jmp T_4.6;
T_4.1 ;
    %load/vec4 v0x55fe050961e0_0;
    %dup/vec4;
    %pushi/vec4 0, 0, 3;
    %cmp/u;
    %jmp/1 T_4.10, 6;
    %pushi/vec4 0, 0, 5;
    %store/vec4 v0x55fe05096fb0_0, 0, 5;
    %pushi/vec4 0, 0, 5;
    %store/vec4 v0x55fe05097250_0, 0, 5;
    %pushi/vec4 0, 0, 32;
    %store/vec4 v0x55fe050968b0_0, 0, 32;
    %pushi/vec4 0, 0, 32;
    %store/vec4 v0x55fe050969c0_0, 0, 32;
    %pushi/vec4 0, 0, 1;
    %store/vec4 v0x55fe05096de0_0, 0, 1;
    %pushi/vec4 0, 0, 5;
    %store/vec4 v0x55fe05096cd0_0, 0, 5;
    %jmp T_4.12;
T_4.10 ;
    %load/vec4 v0x55fe05096ed0_0;
    %store/vec4 v0x55fe05096fb0_0, 0, 5;
    %load/vec4 v0x55fe05097170_0;
    %store/vec4 v0x55fe05097250_0, 0, 5;
    %load/vec4 v0x55fe05097090_0;
    %store/vec4 v0x55fe050968b0_0, 0, 32;
    %load/vec4 v0x55fe05097330_0;
    %store/vec4 v0x55fe050969c0_0, 0, 32;
    %pushi/vec4 1, 0, 1;
    %store/vec4 v0x55fe05096de0_0, 0, 1;
    %load/vec4 v0x55fe05096bf0_0;
    %store/vec4 v0x55fe05096cd0_0, 0, 5;
    %jmp T_4.12;
T_4.12 ;
    %pop/vec4 1;
    %jmp T_4.6;
T_4.2 ;
    %load/vec4 v0x55fe050961e0_0;
    %dup/vec4;
    %pushi/vec4 1, 0, 3;
    %cmp/u;
    %jmp/1 T_4.13, 6;
    %dup/vec4;
    %pushi/vec4 0, 0, 3;
    %cmp/u;
    %jmp/1 T_4.14, 6;
    %pushi/vec4 0, 0, 5;
    %store/vec4 v0x55fe05096fb0_0, 0, 5;
    %pushi/vec4 0, 0, 5;
    %store/vec4 v0x55fe05097250_0, 0, 5;
    %pushi/vec4 0, 0, 32;
    %store/vec4 v0x55fe050968b0_0, 0, 32;
    %pushi/vec4 0, 0, 32;
    %store/vec4 v0x55fe050969c0_0, 0, 32;
    %pushi/vec4 0, 0, 1;
    %store/vec4 v0x55fe05096de0_0, 0, 1;
    %pushi/vec4 0, 0, 5;
    %store/vec4 v0x55fe05096cd0_0, 0, 5;
    %jmp T_4.16;
T_4.13 ;
    %load/vec4 v0x55fe05096ed0_0;
    %store/vec4 v0x55fe05096fb0_0, 0, 5;
    %load/vec4 v0x55fe05097170_0;
    %store/vec4 v0x55fe05097250_0, 0, 5;
    %load/vec4 v0x55fe05097090_0;
    %store/vec4 v0x55fe050968b0_0, 0, 32;
    %load/vec4 v0x55fe05097330_0;
    %store/vec4 v0x55fe050969c0_0, 0, 32;
    %pushi/vec4 0, 0, 1;
    %store/vec4 v0x55fe05096de0_0, 0, 1;
    %pushi/vec4 0, 0, 5;
    %store/vec4 v0x55fe05096cd0_0, 0, 5;
    %jmp T_4.16;
T_4.14 ;
    %load/vec4 v0x55fe05096ed0_0;
    %store/vec4 v0x55fe05096fb0_0, 0, 5;
    %load/vec4 v0x55fe05097170_0;
    %store/vec4 v0x55fe05097250_0, 0, 5;
    %load/vec4 v0x55fe05097090_0;
    %store/vec4 v0x55fe050968b0_0, 0, 32;
    %load/vec4 v0x55fe05097330_0;
    %store/vec4 v0x55fe050969c0_0, 0, 32;
    %pushi/vec4 0, 0, 1;
    %store/vec4 v0x55fe05096de0_0, 0, 1;
    %pushi/vec4 0, 0, 5;
    %store/vec4 v0x55fe05096cd0_0, 0, 5;
    %jmp T_4.16;
T_4.16 ;
    %pop/vec4 1;
    %jmp T_4.6;
T_4.3 ;
    %pushi/vec4 0, 0, 5;
    %store/vec4 v0x55fe05096fb0_0, 0, 5;
    %pushi/vec4 0, 0, 5;
    %store/vec4 v0x55fe05097250_0, 0, 5;
    %pushi/vec4 0, 0, 32;
    %store/vec4 v0x55fe050968b0_0, 0, 32;
    %pushi/vec4 0, 0, 32;
    %store/vec4 v0x55fe050969c0_0, 0, 32;
    %pushi/vec4 1, 0, 1;
    %store/vec4 v0x55fe05096de0_0, 0, 1;
    %load/vec4 v0x55fe05096bf0_0;
    %store/vec4 v0x55fe05096cd0_0, 0, 5;
    %jmp T_4.6;
T_4.4 ;
    %pushi/vec4 0, 0, 5;
    %store/vec4 v0x55fe05096fb0_0, 0, 5;
    %pushi/vec4 0, 0, 5;
    %store/vec4 v0x55fe05097250_0, 0, 5;
    %pushi/vec4 0, 0, 32;
    %store/vec4 v0x55fe050968b0_0, 0, 32;
    %pushi/vec4 0, 0, 32;
    %store/vec4 v0x55fe050969c0_0, 0, 32;
    %pushi/vec4 1, 0, 1;
    %store/vec4 v0x55fe05096de0_0, 0, 1;
    %load/vec4 v0x55fe05096bf0_0;
    %store/vec4 v0x55fe05096cd0_0, 0, 5;
    %jmp T_4.6;
T_4.6 ;
    %pop/vec4 1;
    %jmp T_4;
    .thread T_4, $push;
    .scope S_0x55fe0509a1a0;
T_5 ;
    %wait E_0x55fe0509a600;
    %load/vec4 v0x55fe0509b470_0;
    %cmpi/e 0, 0, 1;
    %jmp/0xz  T_5.0, 4;
    %pushi/vec4 0, 0, 32;
    %store/vec4 v0x55fe0509aba0_0, 0, 32;
    %jmp T_5.1;
T_5.0 ;
    %load/vec4 v0x55fe0509aab0_0;
    %cmpi/e 0, 0, 5;
    %jmp/0xz  T_5.2, 4;
    %pushi/vec4 0, 0, 32;
    %store/vec4 v0x55fe0509aba0_0, 0, 32;
    %jmp T_5.3;
T_5.2 ;
    %load/vec4 v0x55fe0509ae10_0;
    %flag_set/vec4 9;
    %flag_get/vec4 9;
    %jmp/0 T_5.6, 9;
    %load/vec4 v0x55fe0509aab0_0;
    %load/vec4 v0x55fe0509a910_0;
    %cmp/e;
    %flag_get/vec4 4;
    %and;
T_5.6;
    %flag_set/vec4 8;
    %jmp/0xz  T_5.4, 8;
    %load/vec4 v0x55fe0509a9e0_0;
    %store/vec4 v0x55fe0509aba0_0, 0, 32;
    %jmp T_5.5;
T_5.4 ;
    %load/vec4 v0x55fe0509aab0_0;
    %pad/u 7;
    %ix/vec4 4;
    %load/vec4a v0x55fe0509aee0, 4;
    %store/vec4 v0x55fe0509aba0_0, 0, 32;
T_5.5 ;
T_5.3 ;
T_5.1 ;
    %jmp T_5;
    .thread T_5, $push;
    .scope S_0x55fe0509a1a0;
T_6 ;
    %wait E_0x55fe050977c0;
    %load/vec4 v0x55fe0509b470_0;
    %cmpi/e 0, 0, 1;
    %jmp/0xz  T_6.0, 4;
    %pushi/vec4 0, 0, 32;
    %store/vec4 v0x55fe0509ad40_0, 0, 32;
    %jmp T_6.1;
T_6.0 ;
    %load/vec4 v0x55fe0509ac70_0;
    %cmpi/e 0, 0, 5;
    %jmp/0xz  T_6.2, 4;
    %pushi/vec4 0, 0, 32;
    %store/vec4 v0x55fe0509ad40_0, 0, 32;
    %jmp T_6.3;
T_6.2 ;
    %load/vec4 v0x55fe0509ae10_0;
    %flag_set/vec4 9;
    %flag_get/vec4 9;
    %jmp/0 T_6.6, 9;
    %load/vec4 v0x55fe0509ac70_0;
    %load/vec4 v0x55fe0509a910_0;
    %cmp/e;
    %flag_get/vec4 4;
    %and;
T_6.6;
    %flag_set/vec4 8;
    %jmp/0xz  T_6.4, 8;
    %load/vec4 v0x55fe0509a9e0_0;
    %store/vec4 v0x55fe0509ad40_0, 0, 32;
    %jmp T_6.5;
T_6.4 ;
    %load/vec4 v0x55fe0509ac70_0;
    %pad/u 7;
    %ix/vec4 4;
    %load/vec4a v0x55fe0509aee0, 4;
    %store/vec4 v0x55fe0509ad40_0, 0, 32;
T_6.5 ;
T_6.3 ;
T_6.1 ;
    %jmp T_6;
    .thread T_6, $push;
    .scope S_0x55fe0509a1a0;
T_7 ;
    %wait E_0x55fe05091b00;
    %load/vec4 v0x55fe0509b470_0;
    %cmpi/e 0, 0, 1;
    %jmp/0xz  T_7.0, 4;
    %pushi/vec4 0, 0, 32;
    %store/vec4 v0x55fe0509a830_0, 0, 32;
T_7.2 ;
    %load/vec4 v0x55fe0509a830_0;
    %cmpi/s 32, 0, 32;
    %jmp/0xz T_7.3, 5;
    %pushi/vec4 0, 0, 32;
    %ix/getv/s 4, v0x55fe0509a830_0;
    %store/vec4a v0x55fe0509aee0, 4, 0;
    %load/vec4 v0x55fe0509a830_0;
    %addi 1, 0, 32;
    %store/vec4 v0x55fe0509a830_0, 0, 32;
    %jmp T_7.2;
T_7.3 ;
    %jmp T_7.1;
T_7.0 ;
    %load/vec4 v0x55fe0509ae10_0;
    %flag_set/vec4 9;
    %flag_get/vec4 9;
    %jmp/0 T_7.6, 9;
    %load/vec4 v0x55fe0509a910_0;
    %pushi/vec4 0, 0, 5;
    %cmp/ne;
    %flag_get/vec4 4;
    %and;
T_7.6;
    %flag_set/vec4 8;
    %jmp/0xz  T_7.4, 8;
    %load/vec4 v0x55fe0509a9e0_0;
    %load/vec4 v0x55fe0509a910_0;
    %pad/u 7;
    %ix/vec4 4;
    %store/vec4a v0x55fe0509aee0, 4, 0;
T_7.4 ;
T_7.1 ;
    %jmp T_7;
    .thread T_7;
    .scope S_0x55fe05091770;
T_8 ;
    %wait E_0x55fe05091b00;
    %load/vec4 v0x55fe05091ee0_0;
    %cmpi/e 0, 0, 1;
    %jmp/1 T_8.2, 4;
    %flag_mov 8, 4;
    %load/vec4 v0x55fe05091e40_0;
    %cmpi/e 1, 0, 1;
    %flag_or 4, 8;
T_8.2;
    %jmp/0xz  T_8.0, 4;
    %load/vec4 v0x55fe05091fd0_0;
    %assign/vec4 v0x55fe05091d40_0, 0;
    %jmp T_8.1;
T_8.0 ;
    %load/vec4 v0x55fe05091c60_0;
    %assign/vec4 v0x55fe05091d40_0, 0;
T_8.1 ;
    %jmp T_8;
    .thread T_8;
    .scope S_0x55fe05092190;
T_9 ;
    %wait E_0x55fe05091b00;
    %load/vec4 v0x55fe05092860_0;
    %cmpi/e 0, 0, 1;
    %jmp/1 T_9.2, 4;
    %flag_mov 8, 4;
    %load/vec4 v0x55fe05092790_0;
    %cmpi/e 1, 0, 1;
    %flag_or 4, 8;
T_9.2;
    %jmp/0xz  T_9.0, 4;
    %load/vec4 v0x55fe050929a0_0;
    %assign/vec4 v0x55fe05092690_0, 0;
    %jmp T_9.1;
T_9.0 ;
    %load/vec4 v0x55fe050925d0_0;
    %assign/vec4 v0x55fe05092690_0, 0;
T_9.1 ;
    %jmp T_9;
    .thread T_9;
    .scope S_0x55fe05092b40;
T_10 ;
    %wait E_0x55fe05091b00;
    %load/vec4 v0x55fe050931f0_0;
    %cmpi/e 0, 0, 1;
    %jmp/1 T_10.2, 4;
    %flag_mov 8, 4;
    %load/vec4 v0x55fe05093100_0;
    %cmpi/e 1, 0, 1;
    %flag_or 4, 8;
T_10.2;
    %jmp/0xz  T_10.0, 4;
    %load/vec4 v0x55fe050932e0_0;
    %assign/vec4 v0x55fe05093030_0, 0;
    %jmp T_10.1;
T_10.0 ;
    %load/vec4 v0x55fe05092f50_0;
    %assign/vec4 v0x55fe05093030_0, 0;
T_10.1 ;
    %jmp T_10;
    .thread T_10;
    .scope S_0x55fe050934a0;
T_11 ;
    %wait E_0x55fe05091b00;
    %load/vec4 v0x55fe05093ad0_0;
    %cmpi/e 0, 0, 1;
    %jmp/1 T_11.2, 4;
    %flag_mov 8, 4;
    %load/vec4 v0x55fe05093a30_0;
    %cmpi/e 1, 0, 1;
    %flag_or 4, 8;
T_11.2;
    %jmp/0xz  T_11.0, 4;
    %load/vec4 v0x55fe05093bc0_0;
    %assign/vec4 v0x55fe05093960_0, 0;
    %jmp T_11.1;
T_11.0 ;
    %load/vec4 v0x55fe05093880_0;
    %assign/vec4 v0x55fe05093960_0, 0;
T_11.1 ;
    %jmp T_11;
    .thread T_11;
    .scope S_0x55fe05093d80;
T_12 ;
    %wait E_0x55fe05091b00;
    %load/vec4 v0x55fe050944d0_0;
    %cmpi/e 0, 0, 1;
    %jmp/1 T_12.2, 4;
    %flag_mov 8, 4;
    %load/vec4 v0x55fe050943a0_0;
    %cmpi/e 1, 0, 1;
    %flag_or 4, 8;
T_12.2;
    %jmp/0xz  T_12.0, 4;
    %load/vec4 v0x55fe05094570_0;
    %assign/vec4 v0x55fe050942d0_0, 0;
    %jmp T_12.1;
T_12.0 ;
    %load/vec4 v0x55fe050941f0_0;
    %assign/vec4 v0x55fe050942d0_0, 0;
T_12.1 ;
    %jmp T_12;
    .thread T_12;
    .scope S_0x55fe05094730;
T_13 ;
    %wait E_0x55fe05091b00;
    %load/vec4 v0x55fe05094dd0_0;
    %cmpi/e 0, 0, 1;
    %jmp/1 T_13.2, 4;
    %flag_mov 8, 4;
    %load/vec4 v0x55fe05094d30_0;
    %cmpi/e 1, 0, 1;
    %flag_or 4, 8;
T_13.2;
    %jmp/0xz  T_13.0, 4;
    %load/vec4 v0x55fe05094ec0_0;
    %assign/vec4 v0x55fe05094c30_0, 0;
    %jmp T_13.1;
T_13.0 ;
    %load/vec4 v0x55fe05094b50_0;
    %assign/vec4 v0x55fe05094c30_0, 0;
T_13.1 ;
    %jmp T_13;
    .thread T_13;
    .scope S_0x55fe0508f670;
T_14 ;
    %wait E_0x55fe05078ad0;
    %load/vec4 v0x55fe05090b20_0;
    %dup/vec4;
    %pushi/vec4 19, 0, 7;
    %cmp/u;
    %jmp/1 T_14.0, 6;
    %dup/vec4;
    %pushi/vec4 51, 0, 7;
    %cmp/u;
    %jmp/1 T_14.1, 6;
    %dup/vec4;
    %pushi/vec4 99, 0, 7;
    %cmp/u;
    %jmp/1 T_14.2, 6;
    %dup/vec4;
    %pushi/vec4 111, 0, 7;
    %cmp/u;
    %jmp/1 T_14.3, 6;
    %dup/vec4;
    %pushi/vec4 55, 0, 7;
    %cmp/u;
    %jmp/1 T_14.4, 6;
    %pushi/vec4 0, 0, 32;
    %store/vec4 v0x55fe050906a0_0, 0, 32;
    %pushi/vec4 0, 0, 1;
    %store/vec4 v0x55fe05090760_0, 0, 1;
    %pushi/vec4 0, 0, 1;
    %store/vec4 v0x55fe05090380_0, 0, 1;
    %pushi/vec4 0, 0, 32;
    %store/vec4 v0x55fe05090ea0_0, 0, 32;
    %pushi/vec4 0, 0, 5;
    %store/vec4 v0x55fe05090dc0_0, 0, 5;
    %pushi/vec4 0, 0, 1;
    %store/vec4 v0x55fe05091040_0, 0, 1;
    %jmp T_14.6;
T_14.0 ;
    %pushi/vec4 0, 0, 32;
    %store/vec4 v0x55fe050906a0_0, 0, 32;
    %pushi/vec4 0, 0, 1;
    %store/vec4 v0x55fe05090760_0, 0, 1;
    %pushi/vec4 0, 0, 1;
    %store/vec4 v0x55fe05090380_0, 0, 1;
    %load/vec4 v0x55fe050901c0_0;
    %dup/vec4;
    %pushi/vec4 0, 0, 3;
    %cmp/u;
    %jmp/1 T_14.7, 6;
    %pushi/vec4 0, 0, 32;
    %store/vec4 v0x55fe05090ea0_0, 0, 32;
    %pushi/vec4 0, 0, 5;
    %store/vec4 v0x55fe05090dc0_0, 0, 5;
    %pushi/vec4 0, 0, 1;
    %store/vec4 v0x55fe05091040_0, 0, 1;
    %jmp T_14.9;
T_14.7 ;
    %load/vec4 v0x55fe050908a0_0;
    %load/vec4 v0x55fe05090a40_0;
    %add;
    %store/vec4 v0x55fe05090ea0_0, 0, 32;
    %load/vec4 v0x55fe05090c00_0;
    %store/vec4 v0x55fe05090dc0_0, 0, 5;
    %load/vec4 v0x55fe05090f80_0;
    %store/vec4 v0x55fe05091040_0, 0, 1;
    %jmp T_14.9;
T_14.9 ;
    %pop/vec4 1;
    %jmp T_14.6;
T_14.1 ;
    %pushi/vec4 0, 0, 32;
    %store/vec4 v0x55fe050906a0_0, 0, 32;
    %pushi/vec4 0, 0, 1;
    %store/vec4 v0x55fe05090760_0, 0, 1;
    %pushi/vec4 0, 0, 1;
    %store/vec4 v0x55fe05090380_0, 0, 1;
    %load/vec4 v0x55fe050901c0_0;
    %dup/vec4;
    %pushi/vec4 0, 0, 3;
    %cmp/u;
    %jmp/1 T_14.10, 6;
    %pushi/vec4 0, 0, 32;
    %store/vec4 v0x55fe05090ea0_0, 0, 32;
    %pushi/vec4 0, 0, 5;
    %store/vec4 v0x55fe05090dc0_0, 0, 5;
    %pushi/vec4 0, 0, 1;
    %store/vec4 v0x55fe05091040_0, 0, 1;
    %jmp T_14.12;
T_14.10 ;
    %load/vec4 v0x55fe050902a0_0;
    %cmpi/e 0, 0, 7;
    %jmp/0xz  T_14.13, 4;
    %load/vec4 v0x55fe050908a0_0;
    %load/vec4 v0x55fe05090a40_0;
    %add;
    %store/vec4 v0x55fe05090ea0_0, 0, 32;
    %load/vec4 v0x55fe05090c00_0;
    %store/vec4 v0x55fe05090dc0_0, 0, 5;
    %load/vec4 v0x55fe05090f80_0;
    %store/vec4 v0x55fe05091040_0, 0, 1;
    %jmp T_14.14;
T_14.13 ;
    %load/vec4 v0x55fe05090a40_0;
    %load/vec4 v0x55fe050908a0_0;
    %sub;
    %store/vec4 v0x55fe05090ea0_0, 0, 32;
    %load/vec4 v0x55fe05090c00_0;
    %store/vec4 v0x55fe05090dc0_0, 0, 5;
    %load/vec4 v0x55fe05090f80_0;
    %store/vec4 v0x55fe05091040_0, 0, 1;
T_14.14 ;
    %jmp T_14.12;
T_14.12 ;
    %pop/vec4 1;
    %jmp T_14.6;
T_14.2 ;
    %pushi/vec4 0, 0, 32;
    %store/vec4 v0x55fe05090ea0_0, 0, 32;
    %pushi/vec4 0, 0, 5;
    %store/vec4 v0x55fe05090dc0_0, 0, 5;
    %pushi/vec4 0, 0, 1;
    %store/vec4 v0x55fe05091040_0, 0, 1;
    %load/vec4 v0x55fe050901c0_0;
    %dup/vec4;
    %pushi/vec4 1, 0, 3;
    %cmp/u;
    %jmp/1 T_14.15, 6;
    %dup/vec4;
    %pushi/vec4 0, 0, 3;
    %cmp/u;
    %jmp/1 T_14.16, 6;
    %pushi/vec4 0, 0, 32;
    %store/vec4 v0x55fe050906a0_0, 0, 32;
    %pushi/vec4 0, 0, 1;
    %store/vec4 v0x55fe05090760_0, 0, 1;
    %pushi/vec4 0, 0, 1;
    %store/vec4 v0x55fe05090380_0, 0, 1;
    %jmp T_14.18;
T_14.15 ;
    %load/vec4 v0x55fe05090800_0;
    %load/vec4 v0x55fe050904e0_0;
    %add;
    %store/vec4 v0x55fe050906a0_0, 0, 32;
    %load/vec4 v0x55fe05090980_0;
    %inv;
    %store/vec4 v0x55fe05090760_0, 0, 1;
    %pushi/vec4 0, 0, 1;
    %store/vec4 v0x55fe05090380_0, 0, 1;
    %jmp T_14.18;
T_14.16 ;
    %load/vec4 v0x55fe05090800_0;
    %load/vec4 v0x55fe050904e0_0;
    %add;
    %store/vec4 v0x55fe050906a0_0, 0, 32;
    %load/vec4 v0x55fe05090980_0;
    %store/vec4 v0x55fe05090760_0, 0, 1;
    %pushi/vec4 0, 0, 1;
    %store/vec4 v0x55fe05090380_0, 0, 1;
    %jmp T_14.18;
T_14.18 ;
    %pop/vec4 1;
    %jmp T_14.6;
T_14.3 ;
    %load/vec4 v0x55fe050905c0_0;
    %parti/s 1, 31, 6;
    %replicate 12;
    %load/vec4 v0x55fe050905c0_0;
    %parti/s 8, 12, 5;
    %concat/vec4; draw_concat_vec4
    %load/vec4 v0x55fe050905c0_0;
    %parti/s 1, 20, 6;
    %concat/vec4; draw_concat_vec4
    %load/vec4 v0x55fe050905c0_0;
    %parti/s 10, 21, 6;
    %concat/vec4; draw_concat_vec4
    %concati/vec4 0, 0, 1;
    %store/vec4 v0x55fe050906a0_0, 0, 32;
    %pushi/vec4 1, 0, 1;
    %store/vec4 v0x55fe05090760_0, 0, 1;
    %pushi/vec4 0, 0, 1;
    %store/vec4 v0x55fe05090380_0, 0, 1;
    %load/vec4 v0x55fe050904e0_0;
    %addi 4, 0, 32;
    %store/vec4 v0x55fe05090ea0_0, 0, 32;
    %load/vec4 v0x55fe05090c00_0;
    %store/vec4 v0x55fe05090dc0_0, 0, 5;
    %pushi/vec4 1, 0, 1;
    %store/vec4 v0x55fe05091040_0, 0, 1;
    %jmp T_14.6;
T_14.4 ;
    %pushi/vec4 0, 0, 32;
    %store/vec4 v0x55fe050906a0_0, 0, 32;
    %pushi/vec4 0, 0, 1;
    %store/vec4 v0x55fe05090760_0, 0, 1;
    %pushi/vec4 0, 0, 1;
    %store/vec4 v0x55fe05090380_0, 0, 1;
    %load/vec4 v0x55fe050905c0_0;
    %parti/s 20, 12, 5;
    %concati/vec4 0, 0, 12;
    %store/vec4 v0x55fe05090ea0_0, 0, 32;
    %load/vec4 v0x55fe05090c00_0;
    %store/vec4 v0x55fe05090dc0_0, 0, 5;
    %pushi/vec4 1, 0, 1;
    %store/vec4 v0x55fe05091040_0, 0, 1;
    %jmp T_14.6;
T_14.6 ;
    %pop/vec4 1;
    %jmp T_14;
    .thread T_14, $push;
    .scope S_0x55fe0508ef20;
T_15 ;
    %wait E_0x55fe05078a90;
    %load/vec4 v0x55fe0508f490_0;
    %cmpi/e 0, 0, 1;
    %jmp/0xz  T_15.0, 4;
    %pushi/vec4 0, 0, 32;
    %store/vec4 v0x55fe050684c0_0, 0, 32;
    %pushi/vec4 0, 0, 1;
    %store/vec4 v0x55fe0508f3d0_0, 0, 1;
    %pushi/vec4 0, 0, 1;
    %store/vec4 v0x55fe05069b60_0, 0, 1;
    %jmp T_15.1;
T_15.0 ;
    %load/vec4 v0x55fe05069010_0;
    %store/vec4 v0x55fe050684c0_0, 0, 32;
    %load/vec4 v0x55fe0508f2c0_0;
    %store/vec4 v0x55fe0508f3d0_0, 0, 1;
    %load/vec4 v0x55fe0508f2c0_0;
    %flag_set/vec4 8;
    %jmp/1 T_15.4, 8;
    %load/vec4 v0x55fe0506a6b0_0;
    %flag_set/vec4 9;
    %flag_or 8, 9;
T_15.4;
    %jmp/0xz  T_15.2, 8;
    %pushi/vec4 1, 0, 1;
    %store/vec4 v0x55fe05069b60_0, 0, 1;
    %jmp T_15.3;
T_15.2 ;
    %pushi/vec4 0, 0, 1;
    %store/vec4 v0x55fe05069b60_0, 0, 1;
T_15.3 ;
T_15.1 ;
    %jmp T_15;
    .thread T_15, $push;
    .scope S_0x55fe050577d0;
T_16 ;
    %delay 10000, 0;
    %load/vec4 v0x55fe0509d800_0;
    %inv;
    %store/vec4 v0x55fe0509d800_0, 0, 1;
    %jmp T_16;
    .thread T_16;
    .scope S_0x55fe050577d0;
T_17 ;
    %pushi/vec4 0, 0, 1;
    %store/vec4 v0x55fe0509d980_0, 0, 1;
    %pushi/vec4 1, 0, 1;
    %store/vec4 v0x55fe0509d800_0, 0, 1;
    %delay 30000, 0;
    %pushi/vec4 1, 0, 1;
    %store/vec4 v0x55fe0509d980_0, 0, 1;
    %end;
    .thread T_17;
    .scope S_0x55fe050577d0;
T_18 ;
    %vpi_call 2 23 "$readmemh", "inst.data", v0x55fe0506b190 {0 0 0};
    %end;
    .thread T_18;
    .scope S_0x55fe050577d0;
T_19 ;
T_19.0 ;
    %load/vec4 v0x55fe0509da20_0;
    %cmpi/ne 1, 0, 1;
    %jmp/0xz T_19.1, 6;
    %wait E_0x55fe04fe4ce0;
    %jmp T_19.0;
T_19.1 ;
    %load/vec4 v0x55fe0509dac0_0;
    %pad/u 32;
    %cmpi/e 1, 0, 32;
    %jmp/0xz  T_19.2, 4;
    %vpi_call 2 29 "$display", "#################PASS#################" {0 0 0};
    %jmp T_19.3;
T_19.2 ;
    %vpi_call 2 32 "$display", "#################FAIL#################" {0 0 0};
    %pushi/vec4 0, 0, 32;
    %store/vec4 v0x55fe0509d8a0_0, 0, 32;
T_19.4 ;
    %load/vec4 v0x55fe0509d8a0_0;
    %cmpi/s 32, 0, 32;
    %jmp/0xz T_19.5, 5;
    %vpi_call 2 34 "$display", "%2d reg value is %d", v0x55fe0509d8a0_0, &A<v0x55fe0509aee0, v0x55fe0509d8a0_0 > {0 0 0};
    %load/vec4 v0x55fe0509d8a0_0;
    %addi 1, 0, 32;
    %store/vec4 v0x55fe0509d8a0_0, 0, 32;
    %jmp T_19.4;
T_19.5 ;
T_19.3 ;
    %end;
    .thread T_19;
    .scope S_0x55fe050577d0;
T_20 ;
    %vpi_call 2 41 "$dumpfile", "gtk" {0 0 0};
    %vpi_call 2 42 "$dumpvars", 32'sb00000000000000000000000000000000, S_0x55fe050577d0 {0 0 0};
    %end;
    .thread T_20;
# The file index is used to find the file name in the following table.
:file_names 15;
    "N/A";
    "<interactive>";
    "tb.v";
    "rv_soc.v";
    "rom.v";
    "rv_core.v";
    "ctrl.v";
    "ex.v";
    "id_ex.v";
    "dff_set.v";
    "id.v";
    "if_id.v";
    "ifetch.v";
    "pc_reg.v";
    "regs.v";
